<?xml version="1.0" encoding="UTF-8"?>
<!-- Generated by org.testng.reporters.JUnitReportReporter -->
<testsuite hostname="DESKTOP-AEODA9F" failures="0" tests="2" name="com.testcase.TestCase" time="5.311" errors="0" timestamp="2025-05-11T19:39:23 IST" skipped="0">
  <testcase classname="com.testcase.TestCase" name="addToCart" time="2.752"/>
  <testcase classname="com.testcase.TestCase" name="searchitem" time="2.559"/>
</testsuite> <!-- com.testcase.TestCase -->
