<?xml version="1.0" encoding="UTF-8"?>
<!-- Generated by org.testng.reporters.JUnitReportReporter -->
<testsuite hostname="DESKTOP-AEODA9F" failures="0" tests="2" name="com.testcase.TestCase" time="6.376" errors="0" timestamp="2025-05-11T17:35:34 IST" skipped="0">
  <testcase classname="com.testcase.TestCase" name="searchitem" time="2.940"/>
  <testcase classname="com.testcase.TestCase" name="addToCart" time="3.436"/>
</testsuite> <!-- com.testcase.TestCase -->
